0 info it worked if it ends with ok
1 verbose cli [ 'D:\\develop\\nodejs\\node.exe',
1 verbose cli   'D:\\develop\\nvm\\npm\\node_modules\\npm\\bin\\npm-cli.js',
1 verbose cli   'run',
1 verbose cli   'webpack' ]
2 info using npm@4.0.3
3 info using node@v7.2.1
4 verbose run-script [ 'prewebpack', 'webpack', 'postwebpack' ]
5 info lifecycle @~prewebpack: @
6 silly lifecycle @~prewebpack: no script for prewebpack, continuing
7 info lifecycle @~webpack: @
8 verbose lifecycle @~webpack: unsafe-perm in lifecycle true
9 verbose lifecycle @~webpack: PATH: D:\develop\nvm\npm\node_modules\npm\bin\node-gyp-bin;D:\develop\jspm\reactApp\node_modules\.bin;D:\develop\nvm\npm;D:\develop\nvm;D:\develop\nodejs;C:\WINDOWS\system32;C:\WINDOWS;C:\WINDOWS\System32\Wbem;C:\WINDOWS\System32\WindowsPowerShell\v1.0\;E:\java\bin;E:\java\jre\bin;E:\adt\sdk\tools;E:\adt\sdk\platform-tools;E:\adt\eclipse\plugins\org.apache.ant_1.8.3.v201301120609\bin;D:\develop\git\git\Git\bin;C:\Users\Administrator\AppData\Local\Microsoft\WindowsApps;D:\develop\nvm\node_global\;D:\develop\nvm;D:\develop\nodejs;C:\Program Files (x86)\Windows Kits\10\Windows Performance Toolkit\;D:\develop\Visual Studio Code\Microsoft VS Code\bin;C:\Users\Administrator\AppData\Local\atom\bin
10 verbose lifecycle @~webpack: CWD: D:\develop\jspm\reactApp
11 silly lifecycle @~webpack: Args: [ '/d /s /c', 'webpack --watch' ]
12 silly lifecycle @~webpack: Returned: code: 3221225786  signal: null
13 info lifecycle @~webpack: Failed to exec webpack script
14 verbose stack Error: @ webpack: `webpack --watch`
14 verbose stack Exit status 3221225786
14 verbose stack     at EventEmitter.<anonymous> (D:\develop\nvm\npm\node_modules\npm\lib\utils\lifecycle.js:279:16)
14 verbose stack     at emitTwo (events.js:106:13)
14 verbose stack     at EventEmitter.emit (events.js:191:7)
14 verbose stack     at ChildProcess.<anonymous> (D:\develop\nvm\npm\node_modules\npm\lib\utils\spawn.js:40:14)
14 verbose stack     at emitTwo (events.js:106:13)
14 verbose stack     at ChildProcess.emit (events.js:191:7)
14 verbose stack     at maybeClose (internal/child_process.js:885:16)
14 verbose stack     at Process.ChildProcess._handle.onexit (internal/child_process.js:226:5)
15 verbose pkgid @
16 verbose cwd D:\develop\jspm\reactApp
17 error Windows_NT 10.0.14393
18 error argv "D:\\develop\\nodejs\\node.exe" "D:\\develop\\nvm\\npm\\node_modules\\npm\\bin\\npm-cli.js" "run" "webpack"
19 error node v7.2.1
20 error npm  v4.0.3
21 error code ELIFECYCLE
22 error @ webpack: `webpack --watch`
22 error Exit status 3221225786
23 error Failed at the @ webpack script 'webpack --watch'.
23 error Make sure you have the latest version of node.js and npm installed.
23 error If you do, this is most likely a problem with the  package,
23 error not with npm itself.
23 error Tell the author that this fails on your system:
23 error     webpack --watch
23 error You can get information on how to open an issue for this project with:
23 error     npm bugs
23 error Or if that isn't available, you can get their info via:
23 error     npm owner ls
23 error There is likely additional logging output above.
24 verbose exit [ 1, true ]
